<?xml version="1.0" encoding="UTF-8"?>
<!-- Generated by org.testng.reporters.JUnitReportReporter -->
<testsuite hostname="DESKTOP-EVNKM3L" failures="0" tests="1" name="com.Practice.Screenshot" time="8.216" errors="0" timestamp="2022-05-05T12:34:11 IST" skipped="0">
  <testcase classname="com.Practice.Screenshot" name="screenshot" time="8.216"/>
  <system-out/>
</testsuite> <!-- com.Practice.Screenshot -->
