<?xml version="1.0" encoding="UTF-8"?>
<!-- Generated by org.testng.reporters.JUnitReportReporter -->
<testsuite hostname="DESKTOP-EVNKM3L" failures="0" tests="3" name="com.TestNG.Test1" time="0.003" errors="0" timestamp="2022-05-04T12:32:31 IST" skipped="0">
  <testcase classname="com.TestNG.Test1" name="testWebapp" time="0.002"/>
  <system-out/>
  <testcase classname="com.TestNG.Test1" name="testWebapp1" time="0.001"/>
  <system-out/>
  <testcase classname="com.TestNG.Test1" name="testAndroidapp" time="0.000"/>
  <system-out/>
</testsuite> <!-- com.TestNG.Test1 -->
