<?xml version="1.0" encoding="UTF-8"?>
<!-- Generated by org.testng.reporters.JUnitReportReporter -->
<testsuite hostname="DESKTOP-EVNKM3L" failures="0" tests="2" name="com.TestNG.Test2" time="0.007" errors="0" timestamp="2022-05-04T12:32:31 IST" skipped="0">
  <testcase classname="com.TestNG.Test2" name="testIOSapp" time="0.005"/>
  <system-out/>
  <testcase classname="com.TestNG.Test2" name="testdesktopapp" time="0.002"/>
  <system-out/>
</testsuite> <!-- com.TestNG.Test2 -->
