<?xml version="1.0" encoding="UTF-8"?>
<!-- Generated by org.testng.reporters.JUnitReportReporter -->
<testsuite hostname="DESKTOP-EVNKM3L" failures="0" tests="1" name="com.Practice.Assertion" time="7.197" errors="0" timestamp="2022-05-05T11:35:22 IST" skipped="0">
  <testcase classname="com.Practice.Assertion" name="sample" time="7.197"/>
  <system-out/>
</testsuite> <!-- com.Practice.Assertion -->
